Release 14.1 - xst P.15xf (lin64)
Copyright (c) 1995-2012 Xilinx, Inc.  All rights reserved.
--> 
Parameter TMPDIR set to xst/tmp


Total REAL time to Xst completion: 0.00 secs
Total CPU time to Xst completion: 0.14 secs
 
--> 
Parameter xsthdpdir set to xst


Total REAL time to Xst completion: 0.00 secs
Total CPU time to Xst completion: 0.14 secs
 
--> 

TABLE OF CONTENTS
  1) Synthesis Options Summary
  2) HDL Compilation
  3) Design Hierarchy Analysis
  4) HDL Analysis
  5) HDL Synthesis
     5.1) HDL Synthesis Report
  6) Advanced HDL Synthesis
     6.1) Advanced HDL Synthesis Report
  7) Low Level Synthesis
  8) Partition Report
  9) Final Report
	9.1) Device utilization summary
	9.2) Partition Resource Summary
	9.3) TIMING REPORT


=========================================================================
*                      Synthesis Options Summary                        *
=========================================================================
---- Source Parameters
Input File Name                    : "ml505top.prj"
Input Format                       : mixed
Ignore Synthesis Constraint File   : NO

---- Target Parameters
Output File Name                   : "ml505top"
Output Format                      : NGC
Target Device                      : xc5vlx110t-1-ff1136

---- Source Options
Top Module Name                    : ml505top
Automatic FSM Extraction           : YES
FSM Encoding Algorithm             : Auto
Safe Implementation                : No
FSM Style                          : LUT
RAM Extraction                     : Yes
RAM Style                          : Auto
ROM Extraction                     : Yes
Mux Style                          : Auto
Decoder Extraction                 : YES
Priority Encoder Extraction        : Yes
Shift Register Extraction          : YES
Logical Shifter Extraction         : YES
XOR Collapsing                     : YES
ROM Style                          : Auto
Mux Extraction                     : Yes
Resource Sharing                   : YES
Asynchronous To Synchronous        : NO
Use DSP Block                      : Auto
Automatic Register Balancing       : No

---- Target Options
LUT Combining                      : Off
Reduce Control Sets                : Off
Add IO Buffers                     : YES
Global Maximum Fanout              : 100000
Add Generic Clock Buffer(BUFG)     : 32
Register Duplication               : YES
Slice Packing                      : YES
Optimize Instantiated Primitives   : NO
Use Clock Enable                   : Auto
Use Synchronous Set                : Auto
Use Synchronous Reset              : Auto
Pack IO Registers into IOBs        : Auto
Equivalent register Removal        : YES

---- General Options
Optimization Goal                  : Speed
Optimization Effort                : 1
Power Reduction                    : NO
Keep Hierarchy                     : No
Netlist Hierarchy                  : As_Optimized
RTL Output                         : Yes
Global Optimization                : AllClockNets
Read Cores                         : YES
Write Timing Constraints           : NO
Cross Clock Analysis               : NO
Hierarchy Separator                : /
Bus Delimiter                      : <>
Case Specifier                     : Maintain
Slice Utilization Ratio            : 100
BRAM Utilization Ratio             : 100
DSP48 Utilization Ratio            : 100
Verilog 2001                       : YES
Auto BRAM Packing                  : NO
Slice Utilization Ratio Delta      : 5

=========================================================================


=========================================================================
*                          HDL Compilation                              *
=========================================================================
Compiling verilog file "../../src/AudioBuffer.v" in library work
Compiling verilog file "../../src/ButtonParse.v" in library work
Module <AudioBuffer> compiled
Compiling verilog file "../../src/chipscope_icon.v" in library work
Module <ButtonParse> compiled
Compiling verilog file "../../src/chipscope_ila.v" in library work
Module <chipscope_icon> compiled
Compiling verilog file "../../src/Const.v" in library work
Compiling verilog file "../../src/Debouncer.v" in library work
Module <chipscope_ila> compiled
Compiling verilog file "../../src/Decoder.v" in library work
Module <Debouncer> compiled
Compiling verilog file "../../src/DPRAM1024.v" in library work
Module <Decoder> compiled
Compiling verilog file "../../src/DPRAM.v" in library work
Module <v_rams_11_1024> compiled
Compiling verilog file "../../src/EchoTestbench.v" in library work
Module <v_rams_11> compiled
Compiling verilog file "../../src/EdgeDetect.v" in library work
Module <EchoTestbench> compiled
Compiling verilog file "../../src/Example.v" in library work
Module <EdgeDetect> compiled
Compiling verilog file "../../src/FIFODatapath.v" in library work
Module <Example> compiled
Compiling verilog file "../../src/fifo_generator_v9_1.v" in library work
Module <FIFODatapath> compiled
Compiling verilog file "../../src/FPGA_TOP_ML505.v" in library work
Module <fifo_generator_v9_1> compiled
Compiling verilog file "../../src/FreqLUT.v" in library work
Module <ml505top> compiled
Compiling verilog file "../../src/GainLUT.v" in library work
Module <FreqLUT> compiled
Compiling verilog file "../../src/IORegister.v" in library work
Module <GainLUT> compiled
Compiling verilog file "../../src/MIDIDecodeControl.v" in library work
Module <IORegister> compiled
Compiling verilog file "../../src/MIDIDecodeDataPath.v" in library work
Compiling verilog include file "../../src/MIDIDecode.vh"
Module <MIDIDecodeControl> compiled
Compiling verilog file "../../src/MIDIDec.v" in library work
Compiling verilog include file "../../src/MIDIDecode.vh"
Module <MIDIDecodeDataPath> compiled
Compiling verilog file "../../src/MIDITestbench.v" in library work
Module <MIDIDec> compiled
Compiling verilog file "../../src/noise_gen.v" in library work
Module <MIDITestbench> compiled
Compiling verilog file "../../src/RAMB16_S18_S18.v" in library work
Module <noise_gen> compiled
Compiling verilog file "../../src/Register.v" in library work
Module <RAMB16_S18_S18> compiled
Compiling verilog file "../../src/testbench.v" in library work
Module <Register> compiled
Compiling verilog file "../../src/Testbench.v" in library work
Module <testbench> compiled
Compiling verilog file "../../src/UAReceive.v" in library work
Module <Testbench> compiled
Compiling verilog include file "../../src/util.vh"
Compiling verilog file "../../src/UART.v" in library work
Module <UAReceive> compiled
Compiling verilog file "../../src/UATransmit.v" in library work
Module <UART> compiled
Compiling verilog include file "../../src/util.vh"
Compiling verilog file "../../src/UFIFOTestbench.v" in library work
Module <UATransmit> compiled
Compiling verilog file "../../src/WaveGenController.v" in library work
Module <UFIFOTestbench> compiled
Compiling verilog file "../../src/WaveGen.v" in library work
Module <WaveGenController> compiled
Module <WaveGen> compiled
No errors in compilation
Analysis of file <"ml505top.prj"> succeeded.
 

=========================================================================
*                     Design Hierarchy Analysis                         *
=========================================================================
Analyzing hierarchy for module <ml505top> in library <work> with parameters.
	ClockFreq = "00000101111101011110000100000000"
	UARTBaudRate = "00000000000000010111000010000100"

Analyzing hierarchy for module <Debouncer> in library <work>.

Analyzing hierarchy for module <Example> in library <work>.

Analyzing hierarchy for module <AudioBuffer> in library <work>.

Analyzing hierarchy for module <WaveGenController> in library <work>.

Analyzing hierarchy for module <UART> in library <work> with parameters.
	BaudRate = "00000000000000010111000010000100"
	ClockFreq = "00000101111101011110000100000000"

Analyzing hierarchy for module <Decoder> in library <work>.

Analyzing hierarchy for module <v_rams_11> in library <work>.

Analyzing hierarchy for module <GainLUT> in library <work>.

Analyzing hierarchy for module <WaveGen> in library <work>.

Analyzing hierarchy for module <IORegister> in library <work> with parameters.
	AsyncReset = "00000000000000000000000000000000"
	AsyncSet = "00000000000000000000000000000000"
	Initial = "1"
	ResetValue = "0"
	SetValue = "1"
	Width = "00000000000000000000000000000001"

Analyzing hierarchy for module <UATransmit> in library <work> with parameters.
	BaudRate = "00000000000000010111000010000100"
	ClockCounterWidth = "00000000000000000000000000001011"
	ClockFreq = "00000101111101011110000100000000"
	SymbolEdgeTime = "00000000000000000000010000100011"

Analyzing hierarchy for module <UAReceive> in library <work> with parameters.
	BaudRate = "00000000000000010111000010000100"
	ClockCounterWidth = "00000000000000000000000000001011"
	ClockFreq = "00000101111101011110000100000000"
	SampleTime = "00000000000000000000001000010001"
	SymbolEdgeTime = "00000000000000000000010000100011"

Analyzing hierarchy for module <v_rams_11_1024> in library <work>.


=========================================================================
*                            HDL Analysis                               *
=========================================================================
Analyzing top module <ml505top>.
WARNING:Xst:863 - "../../src/FPGA_TOP_ML505.v" line 98: Name conflict (<dataOut> and <DataOut>, renaming dataOut as dataout_rnm0).
WARNING:Xst:863 - "../../src/FPGA_TOP_ML505.v" line 95: Name conflict (<dataIn> and <DataIn>, renaming dataIn as datain_rnm0).
	ClockFreq = 32'sb00000101111101011110000100000000
	UARTBaudRate = 32'sb00000000000000010111000010000100
WARNING:Xst:2211 - "../../src/chipscope_icon.v" line 168: Instantiating black box module <chipscope_icon>.
WARNING:Xst:2211 - "../../src/chipscope_ila.v" line 175: Instantiating black box module <chipscope_ila>.
WARNING:Xst:2211 - "../../src/fifo_generator_v9_1.v" line 239: Instantiating black box module <fifo_generator_v9_1>.
Module <ml505top> is correct for synthesis.
 
Analyzing module <Debouncer> in library <work>.
Module <Debouncer> is correct for synthesis.
 
Analyzing module <Example> in library <work>.
WARNING:Xst:916 - "../../src/Example.v" line 46: Delay is ignored for synthesis.
WARNING:Xst:916 - "../../src/Example.v" line 48: Delay is ignored for synthesis.
INFO:Xst:1432 - Contents of array <command_address> may be accessed with a negative index, causing simulation mismatch.
INFO:Xst:1433 - Contents of array <command_address> may be accessed with an index that exceeds the array size. This could cause simulation mismatch.
INFO:Xst:1432 - Contents of array <command_data> may be accessed with a negative index, causing simulation mismatch.
INFO:Xst:1433 - Contents of array <command_data> may be accessed with an index that exceeds the array size. This could cause simulation mismatch.
INFO:Xst:1432 - Contents of array <audio_left> may be accessed with a negative index, causing simulation mismatch.
INFO:Xst:1433 - Contents of array <audio_left> may be accessed with an index that exceeds the array size. This could cause simulation mismatch.
INFO:Xst:1432 - Contents of array <audio_right> may be accessed with a negative index, causing simulation mismatch.
INFO:Xst:1433 - Contents of array <audio_right> may be accessed with an index that exceeds the array size. This could cause simulation mismatch.
Module <Example> is correct for synthesis.
 
    Set user-defined property "INIT =  0" for signal <audio_reset_b> in unit <Example>.
    Set user-defined property "INIT =  00" for signal <bit_count> in unit <Example>.
    Set user-defined property "INIT =  0" for signal <frame_count> in unit <Example>.
    Set user-defined property "INIT =  00" for signal <reset_count>.
Analyzing module <AudioBuffer> in library <work>.
WARNING:Xst:2320 - "../../src/AudioBuffer.v" line 54: Value for signal writeData in initial block is not constant. The initialization will be ignored.
Module <AudioBuffer> is correct for synthesis.
 
Analyzing module <v_rams_11> in library <work>.
Module <v_rams_11> is correct for synthesis.
 
Analyzing module <WaveGenController> in library <work>.
WARNING:Xst:852 - "../../src/WaveGenController.v" line 90: Unconnected input port 'full' of instance 'gen1' is tied to GND.
WARNING:Xst:852 - "../../src/WaveGenController.v" line 90: Unconnected input port 'reset' of instance 'gen1' is tied to GND.
WARNING:Xst:852 - "../../src/WaveGenController.v" line 92: Unconnected input port 'full' of instance 'gen2' is tied to GND.
WARNING:Xst:852 - "../../src/WaveGenController.v" line 92: Unconnected input port 'reset' of instance 'gen2' is tied to GND.
WARNING:Xst:852 - "../../src/WaveGenController.v" line 94: Unconnected input port 'full' of instance 'gen3' is tied to GND.
WARNING:Xst:852 - "../../src/WaveGenController.v" line 94: Unconnected input port 'reset' of instance 'gen3' is tied to GND.
WARNING:Xst:852 - "../../src/WaveGenController.v" line 96: Unconnected input port 'full' of instance 'gen4' is tied to GND.
WARNING:Xst:852 - "../../src/WaveGenController.v" line 96: Unconnected input port 'reset' of instance 'gen4' is tied to GND.
WARNING:Xst:852 - "../../src/WaveGenController.v" line 98: Unconnected input port 'full' of instance 'gen5' is tied to GND.
WARNING:Xst:852 - "../../src/WaveGenController.v" line 98: Unconnected input port 'reset' of instance 'gen5' is tied to GND.
WARNING:Xst:852 - "../../src/WaveGenController.v" line 100: Unconnected input port 'full' of instance 'gen6' is tied to GND.
WARNING:Xst:852 - "../../src/WaveGenController.v" line 100: Unconnected input port 'reset' of instance 'gen6' is tied to GND.
WARNING:Xst:852 - "../../src/WaveGenController.v" line 102: Unconnected input port 'full' of instance 'gen7' is tied to GND.
WARNING:Xst:852 - "../../src/WaveGenController.v" line 102: Unconnected input port 'reset' of instance 'gen7' is tied to GND.
WARNING:Xst:852 - "../../src/WaveGenController.v" line 104: Unconnected input port 'full' of instance 'gen8' is tied to GND.
WARNING:Xst:852 - "../../src/WaveGenController.v" line 104: Unconnected input port 'reset' of instance 'gen8' is tied to GND.
Module <WaveGenController> is correct for synthesis.
 
Analyzing module <GainLUT> in library <work>.
Module <GainLUT> is correct for synthesis.
 
Analyzing module <WaveGen> in library <work>.
Module <WaveGen> is correct for synthesis.
 
Analyzing module <v_rams_11_1024> in library <work>.
Module <v_rams_11_1024> is correct for synthesis.
 
Analyzing module <UART> in library <work>.
	BaudRate = 32'sb00000000000000010111000010000100
	ClockFreq = 32'sb00000101111101011110000100000000
Module <UART> is correct for synthesis.
 
Analyzing module <IORegister> in library <work>.
	AsyncReset = 32'sb00000000000000000000000000000000
	AsyncSet = 32'sb00000000000000000000000000000000
	Initial = 1'b1
	ResetValue = 1'b0
	SetValue = 1'b1
	Width = 32'sb00000000000000000000000000000001
Module <IORegister> is correct for synthesis.
 
Analyzing module <UATransmit> in library <work>.
	BaudRate = 32'sb00000000000000010111000010000100
	ClockCounterWidth = 32'sb00000000000000000000000000001011
	ClockFreq = 32'sb00000101111101011110000100000000
	SymbolEdgeTime = 32'sb00000000000000000000010000100011
Module <UATransmit> is correct for synthesis.
 
Analyzing module <UAReceive> in library <work>.
	BaudRate = 32'sb00000000000000010111000010000100
	ClockCounterWidth = 32'sb00000000000000000000000000001011
	ClockFreq = 32'sb00000101111101011110000100000000
	SampleTime = 32'sb00000000000000000000001000010001
	SymbolEdgeTime = 32'sb00000000000000000000010000100011
Module <UAReceive> is correct for synthesis.
 
Analyzing module <Decoder> in library <work>.
Module <Decoder> is correct for synthesis.
 

=========================================================================
*                           HDL Synthesis                               *
=========================================================================

Performing bidirectional port resolution...

Synthesizing Unit <Debouncer>.
    Related source file is "../../src/Debouncer.v".
    Found 22-bit up counter for signal <count>.
    Summary:
	inferred   1 Counter(s).
Unit <Debouncer> synthesized.


Synthesizing Unit <Example>.
    Related source file is "../../src/Example.v".
WARNING:Xst:647 - Input <ac97_sdata_in> is never used. This port will be preserved and left unconnected if it belongs to a top-level block or it belongs to a sub-block and the hierarchy of this sub-block is preserved.
WARNING:Xst:647 - Input <audio_valid> is never used. This port will be preserved and left unconnected if it belongs to a top-level block or it belongs to a sub-block and the hierarchy of this sub-block is preserved.
WARNING:Xst:1780 - Signal <reset_count> is never used or assigned. This unconnected signal will be trimmed during the optimization process.
    Register <audio_right> equivalent to <audio_left> has been removed
    Found 4-bit up counter for signal <frame_count>.
    Found 1-bit register for signal <ac97_synch>.
    Found 1-bit register for signal <ack>.
    Found 1-bit register for signal <ac97_sdata_out>.
    Found 8-bit up counter for signal <bit_count>.
    Found 1-bit 20-to-1 multiplexer for signal <$varindex0000> created at line 98.
    Found 1-bit 20-to-1 multiplexer for signal <$varindex0001> created at line 102.
    Found 1-bit 20-to-1 multiplexer for signal <$varindex0002> created at line 105.
    Found 1-bit 20-to-1 multiplexer for signal <$varindex0003> created at line 108.
    Found 8-bit comparator greatequal for signal <ac97_sdata_out$cmp_ge0000> created at line 106.
    Found 8-bit comparator greatequal for signal <ac97_sdata_out$cmp_ge0001> created at line 103.
    Found 8-bit comparator greatequal for signal <ac97_sdata_out$cmp_ge0002> created at line 100.
    Found 8-bit comparator lessequal for signal <ac97_sdata_out$cmp_le0000> created at line 106.
    Found 8-bit comparator lessequal for signal <ac97_sdata_out$cmp_le0001> created at line 103.
    Found 8-bit comparator lessequal for signal <ac97_sdata_out$cmp_le0002> created at line 100.
    Found 8-bit comparator lessequal for signal <ac97_sdata_out$cmp_le0003> created at line 96.
    Found 8-bit comparator less for signal <ac97_sdata_out$cmp_lt0000> created at line 85.
    Found 8-bit comparator greatequal for signal <ac97_synch$cmp_ge0000> created at line 81.
    Found 8-bit comparator lessequal for signal <ac97_synch$cmp_le0000> created at line 81.
    Found 8-bit comparator less for signal <ac97_synch$cmp_lt0000> created at line 78.
    Found 20-bit register for signal <audio_left>.
    Found 5-bit up counter for signal <count>.
    Found 1-bit register for signal <hasAck>.
    Summary:
	inferred   3 Counter(s).
	inferred  24 D-type flip-flop(s).
	inferred   4 Adder/Subtractor(s).
	inferred  11 Comparator(s).
	inferred   4 Multiplexer(s).
Unit <Example> synthesized.


Synthesizing Unit <Decoder>.
    Related source file is "../../src/Decoder.v".
WARNING:Xst:647 - Input <rst> is never used. This port will be preserved and left unconnected if it belongs to a top-level block or it belongs to a sub-block and the hierarchy of this sub-block is preserved.
WARNING:Xst:1780 - Signal <messageValid> is never used or assigned. This unconnected signal will be trimmed during the optimization process.
    Using one-hot encoding for signal <state>.
INFO:Xst:2117 - HDL ADVISOR - Mux Selector <state> of Case statement line 29 was re-encoded using one-hot encoding. The case statement will be optimized (default statement optimization), but this optimization may lead to design initialization problems. To ensure the design works safely, you can:
   	- add an 'INIT' attribute on signal <state> (optimization is then done without any risk)
   	- use the attribute 'signal_encoding user' to avoid onehot optimization
   	- use the attribute 'safe_implementation yes' to force XST to perform a safe (but less efficient) optimization
    Found 1-bit register for signal <read>.
    Found 8-bit register for signal <velocity>.
    Found 1-bit register for signal <noteOn>.
    Found 10-bit register for signal <freq>.
    Found 5-bit register for signal <next>.
    Found 5-bit register for signal <state>.
    Summary:
	inferred  30 D-type flip-flop(s).
Unit <Decoder> synthesized.


Synthesizing Unit <v_rams_11>.
    Related source file is "../../src/DPRAM.v".
    Found 64x18-bit dual-port RAM <Mram_ram> for signal <ram>.
    Found 64x18-bit dual-port RAM <Mram_ram_ren> for signal <ram>.
    Found 6-bit register for signal <read_a>.
    Found 6-bit register for signal <read_dpra>.
    Summary:
	inferred   2 RAM(s).
	inferred  12 D-type flip-flop(s).
Unit <v_rams_11> synthesized.


Synthesizing Unit <GainLUT>.
    Related source file is "../../src/GainLUT.v".
    Found 10-bit comparator lessequal for signal <filterMul$cmp_le0000> created at line 11.
    Found 10-bit comparator lessequal for signal <filterMul$cmp_le0001> created at line 13.
    Found 10-bit comparator lessequal for signal <filterMul$cmp_le0002> created at line 15.
    Found 10-bit comparator lessequal for signal <filterMul$cmp_le0003> created at line 17.
    Found 10-bit comparator lessequal for signal <filterMul$cmp_le0004> created at line 19.
    Found 10-bit comparator lessequal for signal <filterMul$cmp_le0005> created at line 21.
    Found 10-bit comparator lessequal for signal <filterMul$cmp_le0006> created at line 23.
    Found 10-bit comparator lessequal for signal <filterMul$cmp_le0007> created at line 25.
    Found 10-bit comparator lessequal for signal <filterMul$cmp_le0008> created at line 27.
    Found 10-bit comparator lessequal for signal <filterMul$cmp_le0009> created at line 29.
    Found 10-bit comparator lessequal for signal <filterMul$cmp_le0010> created at line 31.
    Found 10-bit comparator lessequal for signal <filterMul$cmp_le0011> created at line 33.
    Found 10-bit comparator lessequal for signal <filterMul$cmp_le0012> created at line 35.
    Found 10-bit comparator lessequal for signal <filterMul$cmp_le0013> created at line 37.
    Found 10-bit comparator lessequal for signal <filterMul$cmp_le0014> created at line 39.
    Found 10-bit comparator lessequal for signal <filterMul$cmp_le0015> created at line 41.
    Found 10-bit comparator lessequal for signal <filterMul$cmp_le0016> created at line 43.
    Summary:
	inferred  17 Comparator(s).
Unit <GainLUT> synthesized.


Synthesizing Unit <v_rams_11_1024>.
    Related source file is "../../src/DPRAM1024.v".
    Found 1024x18-bit dual-port RAM <Mram_ram> for signal <ram>.
    Found 1024x18-bit dual-port RAM <Mram_ram_ren> for signal <ram>.
    Found 10-bit register for signal <read_a>.
    Found 10-bit register for signal <read_dpra>.
    Summary:
	inferred   2 RAM(s).
	inferred  20 D-type flip-flop(s).
Unit <v_rams_11_1024> synthesized.


Synthesizing Unit <IORegister>.
    Related source file is "../../src/IORegister.v".
    Found 1-bit register for signal <Out<0>>.
    Summary:
	inferred   1 D-type flip-flop(s).
Unit <IORegister> synthesized.


Synthesizing Unit <UATransmit>.
    Related source file is "../../src/UATransmit.v".
    Found 4-bit down counter for signal <BitCounter>.
    Found 11-bit up counter for signal <ClockCounter>.
    Found 10-bit register for signal <TXShift>.
    Summary:
	inferred   2 Counter(s).
	inferred  10 D-type flip-flop(s).
Unit <UATransmit> synthesized.


Synthesizing Unit <UAReceive>.
    Related source file is "../../src/UAReceive.v".
WARNING:Xst:646 - Signal <RXShift<0>> is assigned but never used. This unconnected signal will be trimmed during the optimization process.
    Found 4-bit down counter for signal <BitCounter>.
    Found 11-bit up counter for signal <ClockCounter>.
    Found 1-bit register for signal <HasByte>.
    Found 10-bit register for signal <RXShift>.
    Summary:
	inferred   2 Counter(s).
	inferred  11 D-type flip-flop(s).
Unit <UAReceive> synthesized.


Synthesizing Unit <AudioBuffer>.
    Related source file is "../../src/AudioBuffer.v".
WARNING:Xst:646 - Signal <writeThrough> is assigned but never used. This unconnected signal will be trimmed during the optimization process.
WARNING:Xst:646 - Signal <result3<23>> is assigned but never used. This unconnected signal will be trimmed during the optimization process.
WARNING:Xst:646 - Signal <result3<4:0>> is assigned but never used. This unconnected signal will be trimmed during the optimization process.
WARNING:Xst:646 - Signal <result2<23>> is assigned but never used. This unconnected signal will be trimmed during the optimization process.
WARNING:Xst:646 - Signal <result2<4:0>> is assigned but never used. This unconnected signal will be trimmed during the optimization process.
WARNING:Xst:646 - Signal <result1<23>> is assigned but never used. This unconnected signal will be trimmed during the optimization process.
WARNING:Xst:646 - Signal <result1<4:0>> is assigned but never used. This unconnected signal will be trimmed during the optimization process.
WARNING:Xst:1872 - Variable <i> is used but never assigned.
WARNING:Xst:1780 - Signal <count> is never used or assigned. This unconnected signal will be trimmed during the optimization process.
WARNING:Xst:653 - Signal <a> is used but never assigned. This sourceless signal will be automatically connected to value 000010.
    Found 6-bit comparator not equal for signal <valid>.
    Found 6-bit comparator equal for signal <full>.
    Found 1-bit register for signal <received>.
    Found 6-bit adder for signal <b>.
    Found 1-bit register for signal <calc>.
    Found 18-bit register for signal <Data1>.
    Found 18-bit register for signal <Data2>.
    Found 18-bit register for signal <Data3>.
    Found 1-bit register for signal <hasAck>.
    Found 6-bit comparator equal for signal <hasAck$cmp_eq0000> created at line 112.
    Found 1-bit register for signal <isReady>.
    Found 6-bit adder for signal <nextRead$add0000> created at line 71.
    Found 6-bit adder for signal <nextWrite>.
    Found 6-bit up counter for signal <readPointer>.
    Found 6-bit comparator equal for signal <readPointer$cmp_eq0001> created at line 112.
    Found 1-bit register for signal <resetting>.
    Found 24-bit adder for signal <result1>.
    Found 18x6-bit multiplier for signal <result1$mult0000> created at line 41.
    Found 24-bit adder for signal <result2>.
    Found 18x6-bit multiplier for signal <result2$mult0000> created at line 42.
    Found 24-bit adder for signal <result3>.
    Found 18x6-bit multiplier for signal <result3$mult0000> created at line 44.
    Found 1-bit register for signal <syncReset>.
    Found 1-bit register for signal <syncResetD1>.
    Found 1-bit register for signal <WrEn>.
    Found 18-bit register for signal <writeData>.
    Found 6-bit up counter for signal <writePointer>.
    Summary:
	inferred   2 Counter(s).
	inferred  80 D-type flip-flop(s).
	inferred   6 Adder/Subtractor(s).
	inferred   3 Multiplier(s).
	inferred   4 Comparator(s).
Unit <AudioBuffer> synthesized.


Synthesizing Unit <UART>.
    Related source file is "../../src/UART.v".
Unit <UART> synthesized.


Synthesizing Unit <WaveGen>.
    Related source file is "../../src/WaveGen.v".
WARNING:Xst:647 - Input <full> is never used. This port will be preserved and left unconnected if it belongs to a top-level block or it belongs to a sub-block and the hierarchy of this sub-block is preserved.
WARNING:Xst:646 - Signal <writeThrough> is assigned but never used. This unconnected signal will be trimmed during the optimization process.
WARNING:Xst:653 - Signal <volume> is used but never assigned. This sourceless signal will be automatically connected to value 01111111.
WARNING:Xst:1780 - Signal <syncResetD1> is never used or assigned. This unconnected signal will be trimmed during the optimization process.
WARNING:Xst:1780 - Signal <syncReset> is never used or assigned. This unconnected signal will be trimmed during the optimization process.
WARNING:Xst:646 - Signal <shiftedData<20:18>> is assigned but never used. This unconnected signal will be trimmed during the optimization process.
WARNING:Xst:646 - Signal <newData<28>> is assigned but never used. This unconnected signal will be trimmed during the optimization process.
WARNING:Xst:646 - Signal <newData<9:0>> is assigned but never used. This unconnected signal will be trimmed during the optimization process.
WARNING:Xst:646 - Signal <newConst<5:0>> is assigned but never used. This unconnected signal will be trimmed during the optimization process.
WARNING:Xst:1780 - Signal <filterMul> is never used or assigned. This unconnected signal will be trimmed during the optimization process.
WARNING:Xst:646 - Signal <dataOutInt2<25>> is assigned but never used. This unconnected signal will be trimmed during the optimization process.
WARNING:Xst:646 - Signal <dataOutInt2<6:0>> is assigned but never used. This unconnected signal will be trimmed during the optimization process.
WARNING:Xst:653 - Signal <constant2> is used but never assigned. This sourceless signal will be automatically connected to value 011110.
WARNING:Xst:646 - Signal <active> is assigned but never used. This unconnected signal will be trimmed during the optimization process.
    Found 1-bit register for signal <prepped>.
    Found 1-bit register for signal <ready>.
    Found 11-bit register for signal <constant>.
    Found 10-bit up counter for signal <count>.
    Found 6-bit up counter for signal <count2>.
    Found 18-bit register for signal <dataIn>.
    Found 18-bit adder for signal <dataIn$addsub0000>.
    Found 10x8-bit multiplier for signal <dataIn$share0000>.
    Found 14-bit adder for signal <dataIn$sub0000>.
    Found 18x8-bit multiplier for signal <dataOutInt2>.
    Found 2-bit up counter for signal <done>.
    Found 1-bit register for signal <going>.
    Found 1-bit register for signal <init>.
    Found 11x6-bit multiplier for signal <newConst>.
    Found 18x11-bit multiplier for signal <newData>.
    Found 10-bit adder for signal <nextRead>.
    Found 10-bit adder for signal <nextWrite>.
    Found 10-bit up counter for signal <readAddress>.
    Found 1-bit register for signal <resetting>.
    Found 2-bit comparator lessequal for signal <resetting$cmp_le0000> created at line 141.
    Found 8-bit adder for signal <volumeIn>.
    Found 8-bit subtractor for signal <volumeIn$addsub0000> created at line 102.
    Found 8-bit adder for signal <volumeIn$sub0000> created at line 102.
    Found 1-bit register for signal <WrEn>.
    Found 10-bit register for signal <writeAddress>.
    Found 10-bit adder for signal <writeAddress$addsub0000> created at line 432.
    Found 2-bit comparator greater for signal <writeAddress$cmp_gt0000> created at line 141.
    Found 6-bit comparator lessequal for signal <writeAddress$cmp_le0000> created at line 449.
    Summary:
	inferred   4 Counter(s).
	inferred  45 D-type flip-flop(s).
	inferred   8 Adder/Subtractor(s).
	inferred   4 Multiplier(s).
	inferred   3 Comparator(s).
Unit <WaveGen> synthesized.


Synthesizing Unit <WaveGenController>.
    Related source file is "../../src/WaveGenController.v".
WARNING:Xst:647 - Input <reset> is never used. This port will be preserved and left unconnected if it belongs to a top-level block or it belongs to a sub-block and the hierarchy of this sub-block is preserved.
WARNING:Xst:646 - Signal <prep> is assigned but never used. This unconnected signal will be trimmed during the optimization process.
WARNING:Xst:1872 - Variable <i> is used but never assigned.
WARNING:Xst:646 - Signal <datas> is assigned but never used. This unconnected signal will be trimmed during the optimization process.
WARNING:Xst:1780 - Signal <active8> is never used or assigned. This unconnected signal will be trimmed during the optimization process.
WARNING:Xst:1780 - Signal <active7> is never used or assigned. This unconnected signal will be trimmed during the optimization process.
WARNING:Xst:1780 - Signal <active6> is never used or assigned. This unconnected signal will be trimmed during the optimization process.
WARNING:Xst:1780 - Signal <active5> is never used or assigned. This unconnected signal will be trimmed during the optimization process.
WARNING:Xst:1780 - Signal <active4> is never used or assigned. This unconnected signal will be trimmed during the optimization process.
WARNING:Xst:1780 - Signal <active3> is never used or assigned. This unconnected signal will be trimmed during the optimization process.
WARNING:Xst:1780 - Signal <active2> is never used or assigned. This unconnected signal will be trimmed during the optimization process.
WARNING:Xst:1780 - Signal <active1> is never used or assigned. This unconnected signal will be trimmed during the optimization process.
    Found 18-bit adder for signal <dataOut>.
    Found 18-bit adder for signal <dataOut$addsub0000> created at line 114.
    Found 18-bit adder for signal <dataOut$addsub0001> created at line 114.
    Found 18-bit adder for signal <dataOut$addsub0002> created at line 114.
    Found 18-bit adder for signal <dataOut$addsub0003> created at line 114.
    Found 18-bit adder for signal <dataOut$addsub0004> created at line 114.
    Found 18-bit adder for signal <dataOut$addsub0005> created at line 114.
    Found 1-bit register for signal <go1>.
    Found 1-bit register for signal <go2>.
    Found 1-bit register for signal <go3>.
    Found 1-bit register for signal <go4>.
    Found 1-bit register for signal <go5>.
    Found 1-bit register for signal <go6>.
    Found 1-bit register for signal <go7>.
    Found 1-bit register for signal <go8>.
    Summary:
	inferred   8 D-type flip-flop(s).
	inferred   7 Adder/Subtractor(s).
Unit <WaveGenController> synthesized.


Synthesizing Unit <ml505top>.
    Related source file is "../../src/FPGA_TOP_ML505.v".
WARNING:Xst:647 - Input <GPIO_DIP> is never used. This port will be preserved and left unconnected if it belongs to a top-level block or it belongs to a sub-block and the hierarchy of this sub-block is preserved.
WARNING:Xst:1780 - Signal <thirdByteControl> is never used or assigned. This unconnected signal will be trimmed during the optimization process.
WARNING:Xst:1780 - Signal <secondByteControl> is never used or assigned. This unconnected signal will be trimmed during the optimization process.
WARNING:Xst:1780 - Signal <prepped> is never used or assigned. This unconnected signal will be trimmed during the optimization process.
WARNING:Xst:646 - Signal <newW> is assigned but never used. This unconnected signal will be trimmed during the optimization process.
WARNING:Xst:646 - Signal <newS> is assigned but never used. This unconnected signal will be trimmed during the optimization process.
WARNING:Xst:646 - Signal <newE> is assigned but never used. This unconnected signal will be trimmed during the optimization process.
WARNING:Xst:1780 - Signal <messageType> is never used or assigned. This unconnected signal will be trimmed during the optimization process.
WARNING:Xst:1780 - Signal <go> is never used or assigned. This unconnected signal will be trimmed during the optimization process.
WARNING:Xst:646 - Signal <full> is assigned but never used. This unconnected signal will be trimmed during the optimization process.
WARNING:Xst:646 - Signal <frame_count> is assigned but never used. This unconnected signal will be trimmed during the optimization process.
WARNING:Xst:1780 - Signal <firstByteControl> is never used or assigned. This unconnected signal will be trimmed during the optimization process.
WARNING:Xst:1780 - Signal <decodeType> is never used or assigned. This unconnected signal will be trimmed during the optimization process.
WARNING:Xst:646 - Signal <bit_count> is assigned but never used. This unconnected signal will be trimmed during the optimization process.
WARNING:Xst:1780 - Signal <MIDIValid> is never used or assigned. This unconnected signal will be trimmed during the optimization process.
WARNING:Xst:1780 - Signal <GPIO_COMPLED> is never used or assigned. This unconnected signal will be trimmed during the optimization process.
WARNING:Xst:646 - Signal <FPGA_SERIAL_TX> is assigned but never used. This unconnected signal will be trimmed during the optimization process.
WARNING:Xst:646 - Signal <FIFOOverflown> is assigned but never used. This unconnected signal will be trimmed during the optimization process.
WARNING:Xst:646 - Signal <FIFOFull> is assigned but never used. This unconnected signal will be trimmed during the optimization process.
WARNING:Xst:646 - Signal <FIFOEmpty> is assigned but never used. This unconnected signal will be trimmed during the optimization process.
WARNING:Xst:646 - Signal <FIFOCount> is assigned but never used. This unconnected signal will be trimmed during the optimization process.
WARNING:Xst:646 - Signal <FIFOAlmostFull> is assigned but never used. This unconnected signal will be trimmed during the optimization process.
WARNING:Xst:646 - Signal <DataInReady> is assigned but never used. This unconnected signal will be trimmed during the optimization process.
WARNING:Xst:737 - Found 8-bit latch for signal <LED>. Latches may be generated from incomplete case or if statements. We do not recommend the use of latches in FPGA/CPLD designs, as they may lead to timing problems.
    Found 1-bit register for signal <north2>.
    Found 1-bit register for signal <source>.
    Summary:
	inferred   2 D-type flip-flop(s).
Unit <ml505top> synthesized.

INFO:Xst:1767 - HDL ADVISOR - Resource sharing has identified that some arithmetic operations in this design can share the same physical resources for reduced device utilization. For improved clock frequency you may try to disable resource sharing.

=========================================================================
HDL Synthesis Report

Macro Statistics
# RAMs                                                 : 18
 1024x18-bit dual-port RAM                             : 16
 64x18-bit dual-port RAM                               : 2
# Multipliers                                          : 35
 10x8-bit multiplier                                   : 8
 11x6-bit multiplier                                   : 8
 18x11-bit multiplier                                  : 8
 18x6-bit multiplier                                   : 3
 18x8-bit multiplier                                   : 8
# Adders/Subtractors                                   : 81
 10-bit adder                                          : 24
 14-bit adder                                          : 8
 18-bit adder                                          : 15
 24-bit adder                                          : 3
 6-bit adder                                           : 3
 8-bit adder                                           : 16
 8-bit subtractor                                      : 8
 9-bit adder                                           : 4
# Counters                                             : 45
 10-bit up counter                                     : 16
 11-bit up counter                                     : 2
 2-bit up counter                                      : 8
 22-bit up counter                                     : 5
 4-bit down counter                                    : 2
 4-bit up counter                                      : 1
 6-bit up counter                                      : 10
 8-bit up counter                                      : 1
# Registers                                            : 128
 1-bit register                                        : 75
 10-bit register                                       : 27
 11-bit register                                       : 8
 18-bit register                                       : 12
 20-bit register                                       : 1
 5-bit register                                        : 2
 6-bit register                                        : 2
 8-bit register                                        : 1
# Latches                                              : 1
 8-bit latch                                           : 1
# Comparators                                          : 56
 10-bit comparator lessequal                           : 17
 2-bit comparator greater                              : 8
 2-bit comparator lessequal                            : 8
 6-bit comparator equal                                : 3
 6-bit comparator lessequal                            : 8
 6-bit comparator not equal                            : 1
 8-bit comparator greatequal                           : 4
 8-bit comparator less                                 : 2
 8-bit comparator lessequal                            : 5
# Multiplexers                                         : 4
 1-bit 20-to-1 multiplexer                             : 4

=========================================================================

=========================================================================
*                       Advanced HDL Synthesis                          *
=========================================================================

WARNING:Xst:1290 - Hierarchical block <west_parse> is unconnected in block <ml505top>.
   It will be removed from the design.
WARNING:Xst:1290 - Hierarchical block <south_parse> is unconnected in block <ml505top>.
   It will be removed from the design.
WARNING:Xst:1290 - Hierarchical block <east_parse> is unconnected in block <ml505top>.
   It will be removed from the design.
WARNING:Xst:1290 - Hierarchical block <txreg> is unconnected in block <uart>.
   It will be removed from the design.
WARNING:Xst:1290 - Hierarchical block <uatransmit> is unconnected in block <uart>.
   It will be removed from the design.
INFO:Xst:2261 - The FF/Latch <audio_left_0> in Unit <codec_com> is equivalent to the following FF/Latch, which will be removed : <audio_left_1> 
WARNING:Xst:1426 - The value init of the FF/Latch init hinder the constant cleaning in the block gen1.
   You should achieve better results by setting this init to 0.
WARNING:Xst:1426 - The value init of the FF/Latch init hinder the constant cleaning in the block gen2.
   You should achieve better results by setting this init to 0.
WARNING:Xst:1426 - The value init of the FF/Latch init hinder the constant cleaning in the block gen3.
   You should achieve better results by setting this init to 0.
WARNING:Xst:1426 - The value init of the FF/Latch init hinder the constant cleaning in the block gen4.
   You should achieve better results by setting this init to 0.
WARNING:Xst:1426 - The value init of the FF/Latch init hinder the constant cleaning in the block gen5.
   You should achieve better results by setting this init to 0.
WARNING:Xst:1426 - The value init of the FF/Latch init hinder the constant cleaning in the block gen6.
   You should achieve better results by setting this init to 0.
WARNING:Xst:1426 - The value init of the FF/Latch init hinder the constant cleaning in the block gen7.
   You should achieve better results by setting this init to 0.
WARNING:Xst:1426 - The value init of the FF/Latch init hinder the constant cleaning in the block gen8.
   You should achieve better results by setting this init to 0.
WARNING:Xst:1710 - FF/Latch <audio_left_0> (without init value) has a constant value of 0 in block <codec_com>. This FF/Latch will be trimmed during the optimization process.
WARNING:Xst:1710 - FF/Latch <next_3> (without init value) has a constant value of 0 in block <dec>. This FF/Latch will be trimmed during the optimization process.
WARNING:Xst:1710 - FF/Latch <next_4> (without init value) has a constant value of 0 in block <dec>. This FF/Latch will be trimmed during the optimization process.
WARNING:Xst:2677 - Node <RXShift_0> of sequential type is unconnected in block <uareceive>.

Synthesizing (advanced) Unit <AudioBuffer>.
	Found pipelined multiplier on signal <result1_mult0000>:
		- 1 pipeline level(s) found in a register on signal <Data1>.
		Pushing register(s) into the multiplier macro.
INFO:Xst:2385 - HDL ADVISOR - You can improve the performance of the multiplier Mmult_result1_mult0000 by adding 2 register level(s).
Unit <AudioBuffer> synthesized (advanced).

Synthesizing (advanced) Unit <WaveGen>.
	Found pipelined multiplier on signal <newData>:
		- 1 pipeline level(s) found in a register on signal <constant>.
		Pushing register(s) into the multiplier macro.
	Found pipelined multiplier on signal <newConst>:
		- 1 pipeline level(s) found in a register on signal <constant>.
		Pushing register(s) into the multiplier macro.
INFO:Xst:3226 - The RAM <RAM2/Mram_ram_ren> will be implemented as a BLOCK RAM, absorbing the following register(s): <RAM2/read_dpra>
    -----------------------------------------------------------------------
    | ram_type           | Block                               |          |
    -----------------------------------------------------------------------
    | Port A                                                              |
    |     aspect ratio   | 1024-word x 18-bit                  |          |
    |     mode           | write-first                         |          |
    |     clkA           | connected to signal <clk>           | rise     |
    |     weA            | connected to signal <WrEn>          | high     |
    |     addrA          | connected to signal <writeAddress>  |          |
    |     diA            | connected to signal <dataIn>        |          |
    -----------------------------------------------------------------------
    | optimization       | speed                               |          |
    -----------------------------------------------------------------------
    | Port B                                                              |
    |     aspect ratio   | 1024-word x 18-bit                  |          |
    |     mode           | write-first                         |          |
    |     clkB           | connected to signal <clk>           | rise     |
    |     addrB          | connected to signal <readAddress>   |          |
    |     doB            | connected to signal <dataOutInt1>   |          |
    -----------------------------------------------------------------------
    | optimization       | speed                               |          |
    -----------------------------------------------------------------------
INFO:Xst:2385 - HDL ADVISOR - You can improve the performance of the multiplier Mmult_newData by adding 2 register level(s).
INFO:Xst:2385 - HDL ADVISOR - You can improve the performance of the multiplier Mmult_newConst by adding 2 register level(s).
Unit <WaveGen> synthesized (advanced).

Synthesizing (advanced) Unit <v_rams_11>.
INFO:Xst:3231 - The small RAM <Mram_ram> will be implemented on LUTs in order to maximize performance and save block RAM resources. If you want to force its implementation on block, use option/constraint ram_style.
    -----------------------------------------------------------------------
    | ram_type           | Distributed                         |          |
    -----------------------------------------------------------------------
    | Port A                                                              |
    |     aspect ratio   | 64-word x 18-bit                    |          |
    |     clkA           | connected to signal <clk>           | rise     |
    |     weA            | connected to signal <we>            | high     |
    |     addrA          | connected to signal <a>             |          |
    |     diA            | connected to signal <di>            |          |
    -----------------------------------------------------------------------
    | Port B                                                              |
    |     aspect ratio   | 64-word x 18-bit                    |          |
    |     addrB          | connected to signal <read_a>        |          |
    |     doB            | connected to signal <spo>           |          |
    -----------------------------------------------------------------------
INFO:Xst:3231 - The small RAM <Mram_ram_ren> will be implemented on LUTs in order to maximize performance and save block RAM resources. If you want to force its implementation on block, use option/constraint ram_style.
    -----------------------------------------------------------------------
    | ram_type           | Distributed                         |          |
    -----------------------------------------------------------------------
    | Port A                                                              |
    |     aspect ratio   | 64-word x 18-bit                    |          |
    |     clkA           | connected to signal <clk>           | rise     |
    |     weA            | connected to signal <we>            | high     |
    |     addrA          | connected to signal <a>             |          |
    |     diA            | connected to signal <di>            |          |
    -----------------------------------------------------------------------
    | Port B                                                              |
    |     aspect ratio   | 64-word x 18-bit                    |          |
    |     addrB          | connected to signal <read_dpra>     |          |
    |     doB            | connected to signal <dpo>           |          |
    -----------------------------------------------------------------------
Unit <v_rams_11> synthesized (advanced).
WARNING:Xst:2677 - Node <RXShift_0> of sequential type is unconnected in block <UAReceive>.

=========================================================================
Advanced HDL Synthesis Report

Macro Statistics
# RAMs                                                 : 10
 1024x18-bit dual-port block RAM                       : 8
 64x18-bit dual-port distributed RAM                   : 2
# Multipliers                                          : 33
 10x8-bit multiplier                                   : 8
 11x6-bit registered multiplier                        : 8
 18x11-bit registered multiplier                       : 8
 18x6-bit registered multiplier                        : 1
 18x8-bit multiplier                                   : 8
# Adders/Subtractors                                   : 79
 10-bit adder                                          : 24
 14-bit adder                                          : 8
 18-bit adder                                          : 15
 23-bit adder                                          : 1
 5-bit adder                                           : 4
 6-bit adder                                           : 3
 8-bit adder                                           : 16
 8-bit subtractor                                      : 8
# Counters                                             : 45
 10-bit up counter                                     : 16
 11-bit up counter                                     : 2
 2-bit up counter                                      : 8
 22-bit up counter                                     : 5
 4-bit down counter                                    : 2
 4-bit up counter                                      : 1
 6-bit up counter                                      : 10
 8-bit up counter                                      : 1
# Registers                                            : 414
 Flip-Flops                                            : 414
# Latches                                              : 1
 8-bit latch                                           : 1
# Comparators                                          : 56
 10-bit comparator lessequal                           : 17
 2-bit comparator greater                              : 8
 2-bit comparator lessequal                            : 8
 6-bit comparator equal                                : 3
 6-bit comparator lessequal                            : 8
 6-bit comparator not equal                            : 1
 8-bit comparator greatequal                           : 4
 8-bit comparator less                                 : 2
 8-bit comparator lessequal                            : 5
# Multiplexers                                         : 4
 1-bit 20-to-1 multiplexer                             : 4

=========================================================================

=========================================================================
*                         Low Level Synthesis                           *
=========================================================================
WARNING:Xst:1710 - FF/Latch <audio_left_0> (without init value) has a constant value of 0 in block <Example>. This FF/Latch will be trimmed during the optimization process.
WARNING:Xst:1895 - Due to other FF/Latch trimming, FF/Latch <audio_left_1> (without init value) has a constant value of 0 in block <Example>. This FF/Latch will be trimmed during the optimization process.
WARNING:Xst:1710 - FF/Latch <next_3> (without init value) has a constant value of 0 in block <Decoder>. This FF/Latch will be trimmed during the optimization process.
WARNING:Xst:1895 - Due to other FF/Latch trimming, FF/Latch <next_4> (without init value) has a constant value of 0 in block <Decoder>. This FF/Latch will be trimmed during the optimization process.
WARNING:Xst:1710 - FF/Latch <TXShift_9> (without init value) has a constant value of 1 in block <UATransmit>. This FF/Latch will be trimmed during the optimization process.
WARNING:Xst:1426 - The value init of the FF/Latch init hinder the constant cleaning in the block WaveGen.
   You should achieve better results by setting this init to 0.
INFO:Xst:2261 - The FF/Latch <7> in Unit <LPM_LATCH_1> is equivalent to the following 7 FFs/Latches, which will be removed : <6> <5> <4> <3> <2> <1> <0> 
WARNING:Xst:2677 - Node <uart/txreg/Out_0> of sequential type is unconnected in block <ml505top>.

Optimizing unit <ml505top> ...

Optimizing unit <Example> ...

Optimizing unit <Decoder> ...

Optimizing unit <v_rams_11> ...

Optimizing unit <UATransmit> ...

Optimizing unit <UAReceive> ...

Optimizing unit <AudioBuffer> ...

Optimizing unit <WaveGenController> ...
WARNING:Xst:2677 - Node <uart/uatransmit/BitCounter_2> of sequential type is unconnected in block <ml505top>.
WARNING:Xst:2677 - Node <uart/uatransmit/BitCounter_1> of sequential type is unconnected in block <ml505top>.
WARNING:Xst:2677 - Node <uart/uatransmit/BitCounter_3> of sequential type is unconnected in block <ml505top>.
WARNING:Xst:2677 - Node <uart/uatransmit/BitCounter_0> of sequential type is unconnected in block <ml505top>.
WARNING:Xst:2677 - Node <uart/uatransmit/ClockCounter_10> of sequential type is unconnected in block <ml505top>.
WARNING:Xst:2677 - Node <uart/uatransmit/ClockCounter_9> of sequential type is unconnected in block <ml505top>.
WARNING:Xst:2677 - Node <uart/uatransmit/ClockCounter_8> of sequential type is unconnected in block <ml505top>.
WARNING:Xst:2677 - Node <uart/uatransmit/ClockCounter_7> of sequential type is unconnected in block <ml505top>.
WARNING:Xst:2677 - Node <uart/uatransmit/ClockCounter_6> of sequential type is unconnected in block <ml505top>.
WARNING:Xst:2677 - Node <uart/uatransmit/ClockCounter_5> of sequential type is unconnected in block <ml505top>.
WARNING:Xst:2677 - Node <uart/uatransmit/ClockCounter_4> of sequential type is unconnected in block <ml505top>.
WARNING:Xst:2677 - Node <uart/uatransmit/ClockCounter_3> of sequential type is unconnected in block <ml505top>.
WARNING:Xst:2677 - Node <uart/uatransmit/ClockCounter_2> of sequential type is unconnected in block <ml505top>.
WARNING:Xst:2677 - Node <uart/uatransmit/ClockCounter_1> of sequential type is unconnected in block <ml505top>.
WARNING:Xst:2677 - Node <uart/uatransmit/ClockCounter_0> of sequential type is unconnected in block <ml505top>.
WARNING:Xst:2677 - Node <uart/uatransmit/TXShift_8> of sequential type is unconnected in block <ml505top>.
WARNING:Xst:2677 - Node <uart/uatransmit/TXShift_7> of sequential type is unconnected in block <ml505top>.
WARNING:Xst:2677 - Node <uart/uatransmit/TXShift_6> of sequential type is unconnected in block <ml505top>.
WARNING:Xst:2677 - Node <uart/uatransmit/TXShift_5> of sequential type is unconnected in block <ml505top>.
WARNING:Xst:2677 - Node <uart/uatransmit/TXShift_4> of sequential type is unconnected in block <ml505top>.
WARNING:Xst:2677 - Node <uart/uatransmit/TXShift_3> of sequential type is unconnected in block <ml505top>.
WARNING:Xst:2677 - Node <uart/uatransmit/TXShift_2> of sequential type is unconnected in block <ml505top>.
WARNING:Xst:2677 - Node <uart/uatransmit/TXShift_1> of sequential type is unconnected in block <ml505top>.
WARNING:Xst:2677 - Node <uart/uatransmit/TXShift_0> of sequential type is unconnected in block <ml505top>.
WARNING:Xst:2677 - Node <Abuf/RAM/read_a_0> of sequential type is unconnected in block <ml505top>.
WARNING:Xst:2677 - Node <Abuf/RAM/read_a_1> of sequential type is unconnected in block <ml505top>.
WARNING:Xst:2677 - Node <Abuf/RAM/read_a_2> of sequential type is unconnected in block <ml505top>.
WARNING:Xst:2677 - Node <Abuf/RAM/read_a_3> of sequential type is unconnected in block <ml505top>.
WARNING:Xst:2677 - Node <Abuf/RAM/read_a_4> of sequential type is unconnected in block <ml505top>.
WARNING:Xst:2677 - Node <Abuf/RAM/read_a_5> of sequential type is unconnected in block <ml505top>.
WARNING:Xst:2677 - Node <Abuf/RAM/Mram_ram3> of sequential type is unconnected in block <ml505top>.
WARNING:Xst:2677 - Node <Abuf/RAM/Mram_ram1> of sequential type is unconnected in block <ml505top>.
WARNING:Xst:2677 - Node <Abuf/RAM/Mram_ram2> of sequential type is unconnected in block <ml505top>.
WARNING:Xst:2677 - Node <Abuf/RAM/Mram_ram6> of sequential type is unconnected in block <ml505top>.
WARNING:Xst:2677 - Node <Abuf/RAM/Mram_ram4> of sequential type is unconnected in block <ml505top>.
WARNING:Xst:2677 - Node <Abuf/RAM/Mram_ram5> of sequential type is unconnected in block <ml505top>.

Mapping all equations...
Building and optimizing final netlist ...
Found area constraint ratio of 100 (+ 5) on block ml505top, actual ratio is 9.
Latch LED_7 has been replicated 7 time(s) to handle iob=true attribute.

Final Macro Processing ...

Processing Unit <ml505top> :
	Found 2-bit shift register for signal <uart/uareceive/RXShift_8>.
	Found 2-bit shift register for signal <Abuf/syncReset>.
Unit <ml505top> processed.

=========================================================================
Final Register Report

Macro Statistics
# Registers                                            : 784
 Flip-Flops                                            : 784
# Shift Registers                                      : 2
 2-bit shift register                                  : 2

=========================================================================

=========================================================================
*                           Partition Report                            *
=========================================================================

Partition Implementation Status
-------------------------------

  No Partitions were found in this design.

-------------------------------

=========================================================================
*                            Final Report                               *
=========================================================================
Final Results
RTL Top Level Output File Name     : ml505top.ngr
Top Level Output File Name         : ml505top
Output Format                      : NGC
Optimization Goal                  : Speed
Keep Hierarchy                     : No

Design Statistics
# IOs                              : 29

Cell Usage :
# BELS                             : 6383
#      GND                         : 1
#      INV                         : 83
#      LUT1                        : 211
#      LUT2                        : 490
#      LUT3                        : 373
#      LUT4                        : 484
#      LUT5                        : 669
#      LUT6                        : 1735
#      MUXCY                       : 916
#      MUXF7                       : 451
#      MUXF8                       : 24
#      VCC                         : 1
#      XORCY                       : 945
# FlipFlops/Latches                : 794
#      FD                          : 95
#      FDCE                        : 4
#      FDE                         : 454
#      FDP                         : 8
#      FDR                         : 56
#      FDRE                        : 161
#      FDRSE                       : 4
#      FDS                         : 2
#      FDSE                        : 2
#      LDP_1                       : 8
# RAMS                             : 14
#      RAM64M                      : 6
#      RAMB18                      : 8
# Shift Registers                  : 2
#      SRLC16E                     : 2
# Clock Buffers                    : 3
#      BUFG                        : 2
#      BUFGP                       : 1
# IO Buffers                       : 16
#      IBUF                        : 3
#      IBUFG                       : 1
#      OBUF                        : 12
# DSPs                             : 17
#      DSP48E                      : 17
# Others                           : 3
#      chipscope_icon              : 1
#      chipscope_ila               : 1
#      fifo_generator_v9_1         : 1
=========================================================================

Device utilization summary:
---------------------------

Selected Device : 5vlx110tff1136-1 


Slice Logic Utilization: 
 Number of Slice Registers:             786  out of  69120     1%  
 Number of Slice LUTs:                 4071  out of  69120     5%  
    Number used as Logic:              4045  out of  69120     5%  
    Number used as Memory:               26  out of  17920     0%  
       Number used as RAM:               24
       Number used as SRL:                2

Slice Logic Distribution: 
 Number of LUT Flip Flop pairs used:   4163
   Number with an unused Flip Flop:    3377  out of   4163    81%  
   Number with an unused LUT:            92  out of   4163     2%  
   Number of fully used LUT-FF pairs:   694  out of   4163    16%  
   Number of unique control sets:       128

IO Utilization: 
 Number of IOs:                          29
 Number of bonded IOBs:                  17  out of    640     2%  
    IOB Flip Flops/Latches:               8

Specific Feature Utilization:
 Number of Block RAM/FIFO:                4  out of    148     2%  
    Number using Block RAM only:          4
 Number of BUFG/BUFGCTRLs:                3  out of     32     9%  
 Number of DSP48Es:                      17  out of     64    26%  

---------------------------
Partition Resource Summary:
---------------------------

  No Partitions were found in this design.

---------------------------


=========================================================================
TIMING REPORT

NOTE: THESE TIMING NUMBERS ARE ONLY A SYNTHESIS ESTIMATE.
      FOR ACCURATE TIMING INFORMATION PLEASE REFER TO THE TRACE REPORT
      GENERATED AFTER PLACE-and-ROUTE.

Clock Information:
------------------
-----------------------------------+------------------------+-------+
Clock Signal                       | Clock buffer(FF name)  | Load  |
-----------------------------------+------------------------+-------+
USER_CLK                           | IBUFG+BUFG             | 797   |
MIDI_IN                            | IBUF+BUFG              | 8     |
AUDIO_BIT_CLK                      | BUFGP                  | 14    |
-----------------------------------+------------------------+-------+

Asynchronous Control Signals Information:
----------------------------------------
-----------------------------------+------------------------+-------+
Control Signal                     | Buffer(FF name)        | Load  |
-----------------------------------+------------------------+-------+
rst(rst_parse/out68:O)             | NONE(LED_7)            | 20    |
-----------------------------------+------------------------+-------+

Timing Summary:
---------------
Speed Grade: -1

   Minimum period: 13.398ns (Maximum Frequency: 74.640MHz)
   Minimum input arrival time before clock: 2.414ns
   Maximum output required time after clock: 5.320ns
   Maximum combinational path delay: 0.458ns

Timing Detail:
--------------
All values displayed in nanoseconds (ns)

=========================================================================
Timing constraint: Default period analysis for Clock 'USER_CLK'
  Clock period: 13.398ns (frequency: 74.640MHz)
  Total number of paths / destination ports: 381626145 / 2093
-------------------------------------------------------------------------
Delay:               13.398ns (Levels of Logic = 26)
  Source:            dec/velocity_7 (FF)
  Destination:       Abuf/writeData_17 (FF)
  Source Clock:      USER_CLK rising
  Destination Clock: USER_CLK rising

  Data Path: dec/velocity_7 to Abuf/writeData_17
                                Gate     Net
    Cell:in->out      fanout   Delay   Delay  Logical Name (Net Name)
    ----------------------------------------  ------------
     FDE:C->Q              4   0.471   0.989  dec/velocity_7 (dec/velocity_7)
     LUT5:I0->O            2   0.094   0.581  Wgen/gen1/volumeIn<6>41 (Wgen/gen1/volumeIn<6>_bdd1)
     LUT5:I3->O           88   0.094   0.474  Wgen/gen1/volumeIn<7>11 (Wgen/gen1/volumeIn<7>)
     DSP48E:B7->P8         3   3.646   0.721  Wgen/gen1/Mmult_dataOutInt2 (Wgen/dataOut1<1>)
     LUT6:I3->O            1   0.094   0.480  Wgen/Madd_dataOut_addsub0001C1 (Wgen/Madd_dataOut_addsub0001C)
     LUT6:I5->O            1   0.094   0.000  Wgen/Madd_dataOut_addsub0001_Madd_lut<2> (Wgen/Madd_dataOut_addsub0001_Madd_lut<2>)
     MUXCY:S->O            1   0.372   0.000  Wgen/Madd_dataOut_addsub0001_Madd_cy<2> (Wgen/Madd_dataOut_addsub0001_Madd_cy<2>)
     MUXCY:CI->O           1   0.026   0.000  Wgen/Madd_dataOut_addsub0001_Madd_cy<3> (Wgen/Madd_dataOut_addsub0001_Madd_cy<3>)
     MUXCY:CI->O           1   0.026   0.000  Wgen/Madd_dataOut_addsub0001_Madd_cy<4> (Wgen/Madd_dataOut_addsub0001_Madd_cy<4>)
     MUXCY:CI->O           1   0.026   0.000  Wgen/Madd_dataOut_addsub0001_Madd_cy<5> (Wgen/Madd_dataOut_addsub0001_Madd_cy<5>)
     MUXCY:CI->O           1   0.026   0.000  Wgen/Madd_dataOut_addsub0001_Madd_cy<6> (Wgen/Madd_dataOut_addsub0001_Madd_cy<6>)
     MUXCY:CI->O           1   0.026   0.000  Wgen/Madd_dataOut_addsub0001_Madd_cy<7> (Wgen/Madd_dataOut_addsub0001_Madd_cy<7>)
     MUXCY:CI->O           1   0.026   0.000  Wgen/Madd_dataOut_addsub0001_Madd_cy<8> (Wgen/Madd_dataOut_addsub0001_Madd_cy<8>)
     MUXCY:CI->O           1   0.026   0.000  Wgen/Madd_dataOut_addsub0001_Madd_cy<9> (Wgen/Madd_dataOut_addsub0001_Madd_cy<9>)
     MUXCY:CI->O           1   0.026   0.000  Wgen/Madd_dataOut_addsub0001_Madd_cy<10> (Wgen/Madd_dataOut_addsub0001_Madd_cy<10>)
     MUXCY:CI->O           1   0.026   0.000  Wgen/Madd_dataOut_addsub0001_Madd_cy<11> (Wgen/Madd_dataOut_addsub0001_Madd_cy<11>)
     XORCY:CI->O           3   0.357   0.587  Wgen/Madd_dataOut_addsub0001_Madd_xor<12> (Wgen/dataOut_addsub0001<12>)
     LUT4:I2->O            1   0.094   0.000  Wgen/Madd_dataOut_addsub0003_Madd_lut<13> (Wgen/Madd_dataOut_addsub0003_Madd_lut<13>)
     MUXCY:S->O            1   0.372   0.000  Wgen/Madd_dataOut_addsub0003_Madd_cy<13> (Wgen/Madd_dataOut_addsub0003_Madd_cy<13>)
     XORCY:CI->O           3   0.357   0.587  Wgen/Madd_dataOut_addsub0003_Madd_xor<14> (Wgen/dataOut_addsub0003<14>)
     LUT4:I2->O            1   0.094   0.000  Wgen/Madd_dataOut_addsub0005_Madd_lut<15> (Wgen/Madd_dataOut_addsub0005_Madd_lut<15>)
     MUXCY:S->O            1   0.372   0.000  Wgen/Madd_dataOut_addsub0005_Madd_cy<15> (Wgen/Madd_dataOut_addsub0005_Madd_cy<15>)
     XORCY:CI->O           1   0.357   0.480  Wgen/Madd_dataOut_addsub0005_Madd_xor<16> (Wgen/dataOut_addsub0005<16>)
     LUT3:I2->O            1   0.094   0.000  Wgen/Madd_dataOut_lut<16> (Wgen/Madd_dataOut_lut<16>)
     MUXCY:S->O            0   0.372   0.000  Wgen/Madd_dataOut_cy<16> (Wgen/Madd_dataOut_cy<16>)
     XORCY:CI->O           1   0.357   0.480  Wgen/Madd_dataOut_xor<17> (datain_rnm0<17>)
     LUT3:I2->O            1   0.094   0.000  Abuf/writeData_mux0000<17>1 (Abuf/writeData_mux0000<17>)
     FDE:D                    -0.018          Abuf/writeData_17
    ----------------------------------------
    Total                     13.398ns (8.019ns logic, 5.379ns route)
                                       (59.9% logic, 40.1% route)

=========================================================================
Timing constraint: Default period analysis for Clock 'AUDIO_BIT_CLK'
  Clock period: 5.477ns (frequency: 182.582MHz)
  Total number of paths / destination ports: 251 / 19
-------------------------------------------------------------------------
Delay:               5.477ns (Levels of Logic = 6)
  Source:            codec_com/bit_count_2 (FF)
  Destination:       codec_com/ac97_sdata_out (FF)
  Source Clock:      AUDIO_BIT_CLK rising
  Destination Clock: AUDIO_BIT_CLK rising

  Data Path: codec_com/bit_count_2 to codec_com/ac97_sdata_out
                                Gate     Net
    Cell:in->out      fanout   Delay   Delay  Logical Name (Net Name)
    ----------------------------------------  ------------
     FDP:C->Q             18   0.471   1.162  codec_com/bit_count_2 (codec_com/bit_count_2)
     LUT6:I0->O            1   0.094   0.973  codec_com/Mmux__varindex0003_91 (codec_com/Mmux__varindex0003_91)
     LUT6:I1->O            3   0.094   0.587  codec_com/Mmux__varindex0003_2_f71_SW0 (N1091)
     LUT3:I1->O            3   0.094   0.984  codec_com/Mmux__varindex0003_2_f71 (codec_com/_varindex0003)
     LUT5:I0->O            1   0.094   0.576  codec_com/ac97_sdata_out_mux00001702 (codec_com/ac97_sdata_out_mux00001702)
     LUT6:I4->O            1   0.094   0.000  codec_com/ac97_sdata_out_mux00001930_G (N1626)
     MUXF7:I1->O           1   0.254   0.000  codec_com/ac97_sdata_out_mux00001930 (codec_com/ac97_sdata_out_mux0000)
     FDE:D                    -0.018          codec_com/ac97_sdata_out
    ----------------------------------------
    Total                      5.477ns (1.195ns logic, 4.282ns route)
                                       (21.8% logic, 78.2% route)

=========================================================================
Timing constraint: Default OFFSET IN BEFORE for Clock 'USER_CLK'
  Total number of paths / destination ports: 274 / 92
-------------------------------------------------------------------------
Offset:              2.414ns (Levels of Logic = 2)
  Source:            GPIO_COMPSW_C (PAD)
  Destination:       rst_parse/count_0 (FF)
  Destination Clock: USER_CLK rising

  Data Path: GPIO_COMPSW_C to rst_parse/count_0
                                Gate     Net
    Cell:in->out      fanout   Delay   Delay  Logical Name (Net Name)
    ----------------------------------------  ------------
     IBUF:I->O             1   0.818   0.336  GPIO_COMPSW_C_IBUF (GPIO_COMPSW_C_IBUF)
     INV:I->O             22   0.238   0.449  GPIO_COMPSW_C_inv1_INV_0 (GPIO_COMPSW_C_inv)
     FDR:R                     0.573          rst_parse/count_0
    ----------------------------------------
    Total                      2.414ns (1.629ns logic, 0.785ns route)
                                       (67.5% logic, 32.5% route)

=========================================================================
Timing constraint: Default OFFSET OUT AFTER for Clock 'AUDIO_BIT_CLK'
  Total number of paths / destination ports: 2 / 2
-------------------------------------------------------------------------
Offset:              3.259ns (Levels of Logic = 1)
  Source:            codec_com/ac97_sdata_out (FF)
  Destination:       AUDIO_SDATA_OUT (PAD)
  Source Clock:      AUDIO_BIT_CLK rising

  Data Path: codec_com/ac97_sdata_out to AUDIO_SDATA_OUT
                                Gate     Net
    Cell:in->out      fanout   Delay   Delay  Logical Name (Net Name)
    ----------------------------------------  ------------
     FDE:C->Q              1   0.471   0.336  codec_com/ac97_sdata_out (codec_com/ac97_sdata_out)
     OBUF:I->O                 2.452          AUDIO_SDATA_OUT_OBUF (AUDIO_SDATA_OUT)
    ----------------------------------------
    Total                      3.259ns (2.923ns logic, 0.336ns route)
                                       (89.7% logic, 10.3% route)

=========================================================================
Timing constraint: Default OFFSET OUT AFTER for Clock 'USER_CLK'
  Total number of paths / destination ports: 92 / 42
-------------------------------------------------------------------------
Offset:              5.320ns (Levels of Logic = 3)
  Source:            rst_parse/count_4 (FF)
  Destination:       FLASH_AUDIO_RESET_B (PAD)
  Source Clock:      USER_CLK rising

  Data Path: rst_parse/count_4 to FLASH_AUDIO_RESET_B
                                Gate     Net
    Cell:in->out      fanout   Delay   Delay  Logical Name (Net Name)
    ----------------------------------------  ------------
     FDR:C->Q              2   0.471   1.074  rst_parse/count_4 (rst_parse/count_4)
     LUT6:I0->O            2   0.094   0.794  rst_parse/out10 (rst_parse/out10)
     LUT4:I0->O            2   0.094   0.341  codec_com/audio_reset_b1 (FLASH_AUDIO_RESET_B_OBUF)
     OBUF:I->O                 2.452          FLASH_AUDIO_RESET_B_OBUF (FLASH_AUDIO_RESET_B)
    ----------------------------------------
    Total                      5.320ns (3.111ns logic, 2.209ns route)
                                       (58.5% logic, 41.5% route)

=========================================================================
Timing constraint: Default OFFSET OUT AFTER for Clock 'MIDI_IN'
  Total number of paths / destination ports: 8 / 8
-------------------------------------------------------------------------
Offset:              3.520ns (Levels of Logic = 1)
  Source:            LED_7_1 (LATCH)
  Destination:       GPIO_LED<7> (PAD)
  Source Clock:      MIDI_IN rising

  Data Path: LED_7_1 to GPIO_LED<7>
                                Gate     Net
    Cell:in->out      fanout   Delay   Delay  Logical Name (Net Name)
    ----------------------------------------  ------------
     LDP_1:G->Q            1   0.732   0.336  LED_7_1 (LED_7_1)
     OBUF:I->O                 2.452          GPIO_LED_7_OBUF (GPIO_LED<7>)
    ----------------------------------------
    Total                      3.520ns (3.184ns logic, 0.336ns route)
                                       (90.5% logic, 9.5% route)

=========================================================================
Timing constraint: Default path analysis
  Total number of paths / destination ports: 10 / 10
-------------------------------------------------------------------------
Delay:               0.458ns (Levels of Logic = 0)
  Source:            fifo_generator_v9_1:dout<7> (PAD)
  Destination:       ila:DATA<19> (PAD)

  Data Path: fifo_generator_v9_1:dout<7> to ila:DATA<19>
                                Gate     Net
    Cell:in->out      fanout   Delay   Delay  Logical Name (Net Name)
    ----------------------------------------  ------------
    fifo_generator_v9_1:dout<7>   24   0.000   0.458  fifo_generator_v9_1 (DataIn<7>)
    chipscope_ila:DATA<19>        0.000          ila
    ----------------------------------------
    Total                      0.458ns (0.000ns logic, 0.458ns route)
                                       (0.0% logic, 100.0% route)

=========================================================================


Total REAL time to Xst completion: 679.00 secs
Total CPU time to Xst completion: 676.97 secs
 
--> 


Total memory usage is 1311816 kilobytes

Number of errors   :    0 (   0 filtered)
Number of warnings :  151 (   0 filtered)
Number of infos    :   18 (   0 filtered)

