Welcome to Xilinx CORE Generator.
Help system initialized.
The IP Catalog has been reloaded.
Wrote CGP file for project 'coregen'.
Customize and GenerateINFO:sim:172 - Generating IP...
Applying current project options...
Finished applying current project options.
Resolving generics for 'fifo_generator_v9_1'...
Applying external generics to 'fifo_generator_v9_1'...
Delivering associated files for 'fifo_generator_v9_1'...
WARNING:sim - Component fifo_generator_v9_1 does not have a valid model name for
   Verilog synthesis
Delivering EJava files for 'fifo_generator_v9_1'...
Generating implementation netlist for 'fifo_generator_v9_1'...
INFO:sim - Pre-processing HDL files for 'fifo_generator_v9_1'...
WARNING:sim - BlackBox generator run option '-ifmt' found multiple times. Only
   the first occurence is considered.
Running synthesis for 'fifo_generator_v9_1'
Running ngcbuild...
Writing VEO instantiation template for 'fifo_generator_v9_1'...
Writing Verilog behavioral simulation model for 'fifo_generator_v9_1'...
Generating ASY schematic symbol...
INFO:sim:949 - Finished generation of ASY schematic symbol.
Generating metadata file...
Generating ISE project...
XCO file found: fifo_generator_v9_1.xco
XMDF file found: fifo_generator_v9_1_xmdf.tcl
Adding
/home/cc/cs150/sp13/class/cs150-bj/project/src/FIFOGen/tmp/_cg/fifo_generator_v9
_1.asy -view all -origin_type imported
Adding
/home/cc/cs150/sp13/class/cs150-bj/project/src/FIFOGen/tmp/_cg/fifo_generator_v9
_1.ngc -view all -origin_type created
Checking file
"/home/cc/cs150/sp13/class/cs150-bj/project/src/FIFOGen/tmp/_cg/fifo_generator_v
9_1.ngc" for project device match ...
File
"/home/cc/cs150/sp13/class/cs150-bj/project/src/FIFOGen/tmp/_cg/fifo_generator_v
9_1.ngc" device information matches project device.
Adding
/home/cc/cs150/sp13/class/cs150-bj/project/src/FIFOGen/tmp/_cg/fifo_generator_v9
_1.v -view all -origin_type created
INFO:HDLCompiler:1845 - Analyzing Verilog file
   "/home/cc/cs150/sp13/class/cs150-bj/project/src/FIFOGen/tmp/_cg/fifo_generato
   r_v9_1.v" into library work
INFO:ProjectMgmt - Parsing design hierarchy completed successfully.
Adding
/home/cc/cs150/sp13/class/cs150-bj/project/src/FIFOGen/tmp/_cg/fifo_generator_v9
_1.veo -view all -origin_type imported
INFO:TclTasksC:2116 - The automatic calculation of top has been turned-off.
   Please set the new top explicitly by running the "project set top" command.
   To re-calculate the new top automatically, set the "Auto Implementation Top"
   property to true.
Top level has been set to "/fifo_generator_v9_1"
Generating README file...
Generating FLIST file...
INFO:sim:948 - Finished FLIST file generation.
Launching README viewer...
Moving files to output directory...
Finished moving files to output directory
Saved CGP file for project 'coregen'.
Closed project file.
